2018-09-18 19:34:46,653 [INFO] [main] io.renren.ApiApplication [StartupInfoLogger.java : 50] Starting ApiApplication on zhangbowen3026803deMacBook-Pro.local with PID 1635 (/Users/zhangbowen3026803/git/wyw-framework/renren-security/renren-api/target/classes started by zhangbowen3026803 in /Users/zhangbowen3026803/git/wyw-framework/renren-security/renren-api)
2018-09-18 19:34:46,746 [DEBUG] [main] io.renren.ApiApplication [StartupInfoLogger.java : 53] Running with Spring Boot v2.0.3.RELEASE, Spring v5.0.7.RELEASE
2018-09-18 19:34:46,752 [INFO] [main] io.renren.ApiApplication [SpringApplication.java : 663] The following profiles are active: dev
2018-09-18 19:34:46,927 [INFO] [main] o.s.b.w.s.c.AnnotationConfigServletWebServerApplicationContext [AbstractApplicationContext.java : 590] Refreshing org.springframework.boot.web.servlet.context.AnnotationConfigServletWebServerApplicationContext@2101b44a: startup date [Tue Sep 18 19:34:46 CST 2018]; root of context hierarchy
2018-09-18 19:34:49,990 [INFO] [main] o.s.data.repository.config.RepositoryConfigurationDelegate [RepositoryConfigurationDelegate.java : 163] Multiple Spring Data modules found, entering strict repository configuration mode!
2018-09-18 19:34:51,143 [INFO] [main] o.s.c.s.PostProcessorRegistrationDelegate$BeanPostProcessorChecker [PostProcessorRegistrationDelegate.java : 328] Bean 'org.springframework.transaction.annotation.ProxyTransactionManagementConfiguration' of type [org.springframework.transaction.annotation.ProxyTransactionManagementConfiguration$$EnhancerBySpringCGLIB$$f87522e9] is not eligible for getting processed by all BeanPostProcessors (for example: not eligible for auto-proxying)
2018-09-18 19:34:52,144 [INFO] [main] org.springframework.boot.web.embedded.tomcat.TomcatWebServer [TomcatWebServer.java : 91] Tomcat initialized with port(s): 8081 (http)
2018-09-18 19:34:52,228 [INFO] [main] org.apache.catalina.core.StandardService [DirectJDKLog.java : 180] Starting service [Tomcat]
2018-09-18 19:34:52,241 [INFO] [main] org.apache.catalina.core.StandardEngine [DirectJDKLog.java : 180] Starting Servlet Engine: Apache Tomcat/8.5.31
2018-09-18 19:34:52,273 [INFO] [localhost-startStop-1] org.apache.catalina.core.AprLifecycleListener [DirectJDKLog.java : 180] The APR based Apache Tomcat Native library which allows optimal performance in production environments was not found on the java.library.path: [/Users/zhangbowen3026803/Library/Java/Extensions:/Library/Java/Extensions:/Network/Library/Java/Extensions:/System/Library/Java/Extensions:/usr/lib/java:.]
2018-09-18 19:34:52,550 [INFO] [localhost-startStop-1] o.a.c.core.ContainerBase.[Tomcat].[localhost].[/dgjj-api] [DirectJDKLog.java : 180] Initializing Spring embedded WebApplicationContext
2018-09-18 19:34:52,551 [INFO] [localhost-startStop-1] org.springframework.web.context.ContextLoader [ServletWebServerApplicationContext.java : 285] Root WebApplicationContext: initialization completed in 5624 ms
2018-09-18 19:34:53,007 [INFO] [localhost-startStop-1] org.springframework.boot.web.servlet.FilterRegistrationBean [AbstractFilterRegistrationBean.java : 245] Mapping filter: 'characterEncodingFilter' to: [/*]
2018-09-18 19:34:53,008 [INFO] [localhost-startStop-1] org.springframework.boot.web.servlet.FilterRegistrationBean [AbstractFilterRegistrationBean.java : 245] Mapping filter: 'hiddenHttpMethodFilter' to: [/*]
2018-09-18 19:34:53,008 [INFO] [localhost-startStop-1] org.springframework.boot.web.servlet.FilterRegistrationBean [AbstractFilterRegistrationBean.java : 245] Mapping filter: 'httpPutFormContentFilter' to: [/*]
2018-09-18 19:34:53,009 [INFO] [localhost-startStop-1] org.springframework.boot.web.servlet.FilterRegistrationBean [AbstractFilterRegistrationBean.java : 245] Mapping filter: 'requestContextFilter' to: [/*]
2018-09-18 19:34:53,009 [INFO] [localhost-startStop-1] org.springframework.boot.web.servlet.FilterRegistrationBean [AbstractFilterRegistrationBean.java : 258] Mapping filter: 'xssFilter' to urls: [/*]
2018-09-18 19:34:53,010 [INFO] [localhost-startStop-1] org.springframework.boot.web.servlet.FilterRegistrationBean [AbstractFilterRegistrationBean.java : 258] Mapping filter: 'webStatFilter' to urls: [/*]
2018-09-18 19:34:53,010 [INFO] [localhost-startStop-1] org.springframework.boot.web.servlet.ServletRegistrationBean [ServletRegistrationBean.java : 186] Servlet dispatcherServlet mapped to [/]
2018-09-18 19:34:53,013 [INFO] [localhost-startStop-1] org.springframework.boot.web.servlet.ServletRegistrationBean [ServletRegistrationBean.java : 186] Servlet statViewServlet mapped to [/druid/*]
2018-09-18 19:34:53,489 [INFO] [main] c.a.d.spring.boot.autoconfigure.DruidDataSourceAutoConfigure [DruidDataSourceAutoConfigure.java : 56] Init DruidDataSource
2018-09-18 19:34:58,340 [INFO] [main] com.alibaba.druid.pool.DruidDataSource [DruidDataSource.java : 930] {dataSource-1} inited
2018-09-18 19:35:01,401 [INFO] [main] o.s.w.s.mvc.method.annotation.RequestMappingHandlerMapping [AbstractHandlerMethodMapping.java : 547] Mapped "{[/api/cooktech],methods=[POST]}" onto public io.renren.common.utils.R io.renren.controller.ApiDgjjCookTechnologyController.cooktech(io.renren.form.DgjjMarketForm)
2018-09-18 19:35:01,404 [INFO] [main] o.s.w.s.mvc.method.annotation.RequestMappingHandlerMapping [AbstractHandlerMethodMapping.java : 547] Mapped "{[/api/cooktech/detail],methods=[POST]}" onto public io.renren.common.utils.R io.renren.controller.ApiDgjjCookTechnologyController.cooktechdetail(io.renren.form.DgjjMarketForm)
2018-09-18 19:35:01,405 [INFO] [main] o.s.w.s.mvc.method.annotation.RequestMappingHandlerMapping [AbstractHandlerMethodMapping.java : 547] Mapped "{[/api/my/cooktech],methods=[POST]}" onto public io.renren.common.utils.R io.renren.controller.ApiDgjjCookTechnologyController.mycooktech(io.renren.form.DgjjMarketForm)
2018-09-18 19:35:01,405 [INFO] [main] o.s.w.s.mvc.method.annotation.RequestMappingHandlerMapping [AbstractHandlerMethodMapping.java : 547] Mapped "{[/api/my/cooktech/detail],methods=[POST]}" onto public io.renren.common.utils.R io.renren.controller.ApiDgjjCookTechnologyController.mycooktechdetail(io.renren.form.DgjjMarketForm)
2018-09-18 19:35:01,406 [INFO] [main] o.s.w.s.mvc.method.annotation.RequestMappingHandlerMapping [AbstractHandlerMethodMapping.java : 547] Mapped "{[/api/drive],methods=[POST]}" onto public io.renren.common.utils.R io.renren.controller.ApiDgjjCookTechnologyController.drive(io.renren.form.DgjjCookTechForm)
2018-09-18 19:35:01,408 [INFO] [main] o.s.w.s.mvc.method.annotation.RequestMappingHandlerMapping [AbstractHandlerMethodMapping.java : 547] Mapped "{[/api/techarea],methods=[POST]}" onto public io.renren.common.utils.R io.renren.controller.ApiDgjjDictController.techarea()
2018-09-18 19:35:01,408 [INFO] [main] o.s.w.s.mvc.method.annotation.RequestMappingHandlerMapping [AbstractHandlerMethodMapping.java : 547] Mapped "{[/api/transaction],methods=[POST]}" onto public io.renren.common.utils.R io.renren.controller.ApiDgjjDictController.transaction()
2018-09-18 19:35:01,409 [INFO] [main] o.s.w.s.mvc.method.annotation.RequestMappingHandlerMapping [AbstractHandlerMethodMapping.java : 547] Mapped "{[/api/drive/authentication],methods=[POST]}" onto public io.renren.common.utils.R io.renren.controller.ApiDgjjDriveAuthenticationController.authentication(io.renren.form.DgjjDriveAuthenticationForm)
2018-09-18 19:35:01,412 [INFO] [main] o.s.w.s.mvc.method.annotation.RequestMappingHandlerMapping [AbstractHandlerMethodMapping.java : 547] Mapped "{[/api/my/investmenttech],methods=[POST]}" onto public io.renren.common.utils.R io.renren.controller.ApiDgjjInvestmentTechnologyController.mycooktech(io.renren.form.DgjjMarketForm)
2018-09-18 19:35:01,413 [INFO] [main] o.s.w.s.mvc.method.annotation.RequestMappingHandlerMapping [AbstractHandlerMethodMapping.java : 547] Mapped "{[/api/my/investmenttech/detail],methods=[POST]}" onto public io.renren.common.utils.R io.renren.controller.ApiDgjjInvestmentTechnologyController.mycooktechdetail(io.renren.form.DgjjMarketForm)
2018-09-18 19:35:01,414 [INFO] [main] o.s.w.s.mvc.method.annotation.RequestMappingHandlerMapping [AbstractHandlerMethodMapping.java : 547] Mapped "{[/api/investmenttech],methods=[POST]}" onto public io.renren.common.utils.R io.renren.controller.ApiDgjjInvestmentTechnologyController.investmenttech(io.renren.form.DgjjMarketForm)
2018-09-18 19:35:01,415 [INFO] [main] o.s.w.s.mvc.method.annotation.RequestMappingHandlerMapping [AbstractHandlerMethodMapping.java : 547] Mapped "{[/api/investmenttech/detail],methods=[POST]}" onto public io.renren.common.utils.R io.renren.controller.ApiDgjjInvestmentTechnologyController.investmenttechdetail(io.renren.form.DgjjMarketForm)
2018-09-18 19:35:01,416 [INFO] [main] o.s.w.s.mvc.method.annotation.RequestMappingHandlerMapping [AbstractHandlerMethodMapping.java : 547] Mapped "{[/api/investment],methods=[POST]}" onto public io.renren.common.utils.R io.renren.controller.ApiDgjjInvestmentTechnologyController.investment(io.renren.form.DgjjInvestmentTechForm)
2018-09-18 19:35:01,418 [INFO] [main] o.s.w.s.mvc.method.annotation.RequestMappingHandlerMapping [AbstractHandlerMethodMapping.java : 547] Mapped "{[/api/investor/authentication],methods=[POST]}" onto public io.renren.common.utils.R io.renren.controller.ApiDgjjInvestorAuthenticationController.investor(io.renren.form.DgjjInvestorAuthenticationForm)
2018-09-18 19:35:01,422 [INFO] [main] o.s.w.s.mvc.method.annotation.RequestMappingHandlerMapping [AbstractHandlerMethodMapping.java : 547] Mapped "{[/api/cancel/attention],methods=[POST]}" onto public io.renren.common.utils.R io.renren.controller.ApiDgjjMarketAttentionController.cancel(io.renren.form.DgjjMarketAttentionForm)
2018-09-18 19:35:01,423 [INFO] [main] o.s.w.s.mvc.method.annotation.RequestMappingHandlerMapping [AbstractHandlerMethodMapping.java : 547] Mapped "{[/api/attention],methods=[POST]}" onto public io.renren.common.utils.R io.renren.controller.ApiDgjjMarketAttentionController.attention(io.renren.form.DgjjMarketAttentionForm)
2018-09-18 19:35:01,425 [INFO] [main] o.s.w.s.mvc.method.annotation.RequestMappingHandlerMapping [AbstractHandlerMethodMapping.java : 547] Mapped "{[/api/market],methods=[POST]}" onto public io.renren.common.utils.R io.renren.controller.ApiDgjjMarketController.market(io.renren.form.DgjjMarketForm)
2018-09-18 19:35:01,426 [INFO] [main] o.s.w.s.mvc.method.annotation.RequestMappingHandlerMapping [AbstractHandlerMethodMapping.java : 547] Mapped "{[/api/market/detail],methods=[POST]}" onto public io.renren.common.utils.R io.renren.controller.ApiDgjjMarketController.mycooktechdetail(io.renren.form.DgjjMarketForm)
2018-09-18 19:35:01,427 [INFO] [main] o.s.w.s.mvc.method.annotation.RequestMappingHandlerMapping [AbstractHandlerMethodMapping.java : 547] Mapped "{[/api/reporttech],methods=[POST]}" onto public io.renren.common.utils.R io.renren.controller.ApiDgjjReportTechnologyController.reporttech(io.renren.form.DgjjReportTechForm)
2018-09-18 19:35:01,428 [INFO] [main] o.s.w.s.mvc.method.annotation.RequestMappingHandlerMapping [AbstractHandlerMethodMapping.java : 547] Mapped "{[/api/searchtech],methods=[POST]}" onto public io.renren.common.utils.R io.renren.controller.ApiDgjjSearchTechnologyController.searchtech(io.renren.form.DgjjSearchTechForm)
2018-09-18 19:35:01,430 [INFO] [main] o.s.w.s.mvc.method.annotation.RequestMappingHandlerMapping [AbstractHandlerMethodMapping.java : 547] Mapped "{[/api/login],methods=[POST]}" onto public io.renren.common.utils.R io.renren.controller.ApiLoginController.login(io.renren.form.LoginForm)
2018-09-18 19:35:01,431 [INFO] [main] o.s.w.s.mvc.method.annotation.RequestMappingHandlerMapping [AbstractHandlerMethodMapping.java : 547] Mapped "{[/api/logout],methods=[POST]}" onto public io.renren.common.utils.R io.renren.controller.ApiLoginController.logout(java.lang.String)
2018-09-18 19:35:01,432 [INFO] [main] o.s.w.s.mvc.method.annotation.RequestMappingHandlerMapping [AbstractHandlerMethodMapping.java : 547] Mapped "{[/api/menu/add],methods=[POST]}" onto public io.renren.common.utils.R io.renren.controller.ApiMenuController.add(io.renren.form.MenuForm)
2018-09-18 19:35:01,433 [INFO] [main] o.s.w.s.mvc.method.annotation.RequestMappingHandlerMapping [AbstractHandlerMethodMapping.java : 547] Mapped "{[/api/register],methods=[POST]}" onto public io.renren.common.utils.R io.renren.controller.ApiRegisterController.register(io.renren.form.RegisterForm)
2018-09-18 19:35:01,435 [INFO] [main] o.s.w.s.mvc.method.annotation.RequestMappingHandlerMapping [AbstractHandlerMethodMapping.java : 547] Mapped "{[/api/role/add],methods=[POST]}" onto public io.renren.common.utils.R io.renren.controller.ApiRoleController.add(io.renren.form.RoleForm)
2018-09-18 19:35:01,436 [INFO] [main] o.s.w.s.mvc.method.annotation.RequestMappingHandlerMapping [AbstractHandlerMethodMapping.java : 547] Mapped "{[/api/rolemenu/add],methods=[POST]}" onto public io.renren.common.utils.R io.renren.controller.ApiRoleMenuController.add(io.renren.form.RoleMenuForm)
2018-09-18 19:35:01,440 [INFO] [main] o.s.w.s.mvc.method.annotation.RequestMappingHandlerMapping [AbstractHandlerMethodMapping.java : 547] Mapped "{[/api/userId],methods=[GET]}" onto public io.renren.common.utils.R io.renren.controller.ApiTestController.userInfo(java.lang.Integer)
2018-09-18 19:35:01,441 [INFO] [main] o.s.w.s.mvc.method.annotation.RequestMappingHandlerMapping [AbstractHandlerMethodMapping.java : 547] Mapped "{[/api/userInfo],methods=[GET]}" onto public io.renren.common.utils.R io.renren.controller.ApiTestController.userInfo(io.renren.entity.UserEntity)
2018-09-18 19:35:01,442 [INFO] [main] o.s.w.s.mvc.method.annotation.RequestMappingHandlerMapping [AbstractHandlerMethodMapping.java : 547] Mapped "{[/api/notToken],methods=[GET]}" onto public io.renren.common.utils.R io.renren.controller.ApiTestController.notToken()
2018-09-18 19:35:01,444 [INFO] [main] o.s.w.s.mvc.method.annotation.RequestMappingHandlerMapping [AbstractHandlerMethodMapping.java : 547] Mapped "{[/api/update/username],methods=[POST]}" onto public io.renren.common.utils.R io.renren.controller.ApiUserController.uusername(io.renren.form.UserForm)
2018-09-18 19:35:01,445 [INFO] [main] o.s.w.s.mvc.method.annotation.RequestMappingHandlerMapping [AbstractHandlerMethodMapping.java : 547] Mapped "{[/api/update/password],methods=[POST]}" onto public io.renren.common.utils.R io.renren.controller.ApiUserController.upassword(io.renren.form.UserForm)
2018-09-18 19:35:01,446 [INFO] [main] o.s.w.s.mvc.method.annotation.RequestMappingHandlerMapping [AbstractHandlerMethodMapping.java : 547] Mapped "{[/api/my/baseinfo],methods=[POST]}" onto public io.renren.common.utils.R io.renren.controller.ApiUserRoleController.baseinfo(io.renren.form.RegisterForm)
2018-09-18 19:35:01,448 [INFO] [main] o.s.w.s.mvc.method.annotation.RequestMappingHandlerMapping [AbstractHandlerMethodMapping.java : 547] Mapped "{[/api/my/baseinfo/updateUserName],methods=[POST]}" onto public io.renren.common.utils.R io.renren.controller.ApiUserRoleController.updateUserName(io.renren.form.UserForm)
2018-09-18 19:35:01,456 [INFO] [main] o.s.w.s.mvc.method.annotation.RequestMappingHandlerMapping [AbstractHandlerMethodMapping.java : 547] Mapped "{[/swagger-resources/configuration/security]}" onto public org.springframework.http.ResponseEntity<springfox.documentation.swagger.web.SecurityConfiguration> springfox.documentation.swagger.web.ApiResourceController.securityConfiguration()
2018-09-18 19:35:01,462 [INFO] [main] o.s.w.s.mvc.method.annotation.RequestMappingHandlerMapping [AbstractHandlerMethodMapping.java : 547] Mapped "{[/swagger-resources/configuration/ui]}" onto public org.springframework.http.ResponseEntity<springfox.documentation.swagger.web.UiConfiguration> springfox.documentation.swagger.web.ApiResourceController.uiConfiguration()
2018-09-18 19:35:01,465 [INFO] [main] o.s.w.s.mvc.method.annotation.RequestMappingHandlerMapping [AbstractHandlerMethodMapping.java : 547] Mapped "{[/swagger-resources]}" onto public org.springframework.http.ResponseEntity<java.util.List<springfox.documentation.swagger.web.SwaggerResource>> springfox.documentation.swagger.web.ApiResourceController.swaggerResources()
2018-09-18 19:35:01,477 [INFO] [main] o.s.w.s.mvc.method.annotation.RequestMappingHandlerMapping [AbstractHandlerMethodMapping.java : 547] Mapped "{[/error]}" onto public org.springframework.http.ResponseEntity<java.util.Map<java.lang.String, java.lang.Object>> org.springframework.boot.autoconfigure.web.servlet.error.BasicErrorController.error(javax.servlet.http.HttpServletRequest)
2018-09-18 19:35:01,478 [INFO] [main] o.s.w.s.mvc.method.annotation.RequestMappingHandlerMapping [AbstractHandlerMethodMapping.java : 547] Mapped "{[/error],produces=[text/html]}" onto public org.springframework.web.servlet.ModelAndView org.springframework.boot.autoconfigure.web.servlet.error.BasicErrorController.errorHtml(javax.servlet.http.HttpServletRequest,javax.servlet.http.HttpServletResponse)
2018-09-18 19:35:01,744 [INFO] [main] s.d.spring.web.PropertySourcedRequestMappingHandlerMapping [PropertySourcedRequestMappingHandlerMapping.java : 69] Mapped URL path [/v2/api-docs] onto method [public org.springframework.http.ResponseEntity<springfox.documentation.spring.web.json.Json> springfox.documentation.swagger2.web.Swagger2Controller.getDocumentation(java.lang.String,javax.servlet.http.HttpServletRequest)]
2018-09-18 19:35:02,008 [INFO] [main] o.s.web.servlet.handler.SimpleUrlHandlerMapping [AbstractUrlHandlerMapping.java : 373] Mapped URL path [/**/favicon.ico] onto handler of type [class org.springframework.web.servlet.resource.ResourceHttpRequestHandler]
2018-09-18 19:35:02,607 [INFO] [main] o.s.w.s.mvc.method.annotation.RequestMappingHandlerAdapter [RequestMappingHandlerAdapter.java : 574] Looking for @ControllerAdvice: org.springframework.boot.web.servlet.context.AnnotationConfigServletWebServerApplicationContext@2101b44a: startup date [Tue Sep 18 19:34:46 CST 2018]; root of context hierarchy
2018-09-18 19:35:02,729 [INFO] [main] o.s.web.servlet.handler.SimpleUrlHandlerMapping [AbstractUrlHandlerMapping.java : 373] Mapped URL path [/webjars/**] onto handler of type [class org.springframework.web.servlet.resource.ResourceHttpRequestHandler]
2018-09-18 19:35:02,731 [INFO] [main] o.s.web.servlet.handler.SimpleUrlHandlerMapping [AbstractUrlHandlerMapping.java : 373] Mapped URL path [/**] onto handler of type [class org.springframework.web.servlet.resource.ResourceHttpRequestHandler]
2018-09-18 19:35:02,762 [INFO] [main] o.s.w.s.m.m.annotation.ExceptionHandlerExceptionResolver [ExceptionHandlerExceptionResolver.java : 288] Detected @ExceptionHandler methods in RRExceptionHandler
2018-09-18 19:35:03,378 [INFO] [main] org.springframework.ui.freemarker.SpringTemplateLoader [SpringTemplateLoader.java : 62] SpringTemplateLoader for FreeMarker: using resource loader [org.springframework.boot.web.servlet.context.AnnotationConfigServletWebServerApplicationContext@2101b44a: startup date [Tue Sep 18 19:34:46 CST 2018]; root of context hierarchy] and template loader path [classpath:/templates/]
2018-09-18 19:35:03,381 [INFO] [main] o.s.web.servlet.view.freemarker.FreeMarkerConfigurer [FreeMarkerConfigurer.java : 131] ClassTemplateLoader for Spring macros added to FreeMarker configuration
2018-09-18 19:35:03,685 [INFO] [main] o.s.jmx.export.annotation.AnnotationMBeanExporter [MBeanExporter.java : 433] Registering beans for JMX exposure on startup
2018-09-18 19:35:03,688 [INFO] [main] o.s.jmx.export.annotation.AnnotationMBeanExporter [MBeanExporter.java : 895] Bean with name 'statFilter' has been autodetected for JMX exposure
2018-09-18 19:35:03,689 [INFO] [main] o.s.jmx.export.annotation.AnnotationMBeanExporter [MBeanExporter.java : 895] Bean with name 'dataSource' has been autodetected for JMX exposure
2018-09-18 19:35:03,698 [INFO] [main] o.s.jmx.export.annotation.AnnotationMBeanExporter [MBeanExporter.java : 668] Located MBean 'dataSource': registering with JMX server as MBean [com.alibaba.druid.spring.boot.autoconfigure:name=dataSource,type=DruidDataSourceWrapper]
2018-09-18 19:35:03,700 [INFO] [main] o.s.jmx.export.annotation.AnnotationMBeanExporter [MBeanExporter.java : 668] Located MBean 'statFilter': registering with JMX server as MBean [com.alibaba.druid.filter.stat:name=statFilter,type=StatFilter]
2018-09-18 19:35:03,709 [INFO] [main] o.springframework.context.support.DefaultLifecycleProcessor [DefaultLifecycleProcessor.java : 351] Starting beans in phase 2147483647
2018-09-18 19:35:03,710 [INFO] [main] s.d.spring.web.plugins.DocumentationPluginsBootstrapper [DocumentationPluginsBootstrapper.java : 147] Context refreshed
2018-09-18 19:35:03,750 [INFO] [main] s.d.spring.web.plugins.DocumentationPluginsBootstrapper [DocumentationPluginsBootstrapper.java : 150] Found 1 custom documentation plugin(s)
2018-09-18 19:35:03,839 [INFO] [main] s.d.spring.web.scanners.ApiListingReferenceScanner [ApiListingReferenceScanner.java : 41] Scanning for api listing references
2018-09-18 19:35:04,150 [INFO] [main] s.d.s.web.readers.operation.CachingOperationNameGenerator [CachingOperationNameGenerator.java : 40] Generating unique operation named: mycooktechUsingPOST_1
2018-09-18 19:35:04,155 [INFO] [main] s.d.s.web.readers.operation.CachingOperationNameGenerator [CachingOperationNameGenerator.java : 40] Generating unique operation named: mycooktechdetailUsingPOST_1
2018-09-18 19:35:04,182 [INFO] [main] s.d.s.web.readers.operation.CachingOperationNameGenerator [CachingOperationNameGenerator.java : 40] Generating unique operation named: mycooktechdetailUsingPOST_2
2018-09-18 19:35:04,238 [INFO] [main] s.d.s.web.readers.operation.CachingOperationNameGenerator [CachingOperationNameGenerator.java : 40] Generating unique operation named: addUsingPOST_1
2018-09-18 19:35:04,244 [INFO] [main] s.d.s.web.readers.operation.CachingOperationNameGenerator [CachingOperationNameGenerator.java : 40] Generating unique operation named: addUsingPOST_2
2018-09-18 19:35:04,286 [INFO] [main] s.d.s.web.readers.operation.CachingOperationNameGenerator [CachingOperationNameGenerator.java : 40] Generating unique operation named: userInfoUsingGET_1
2018-09-18 19:35:04,442 [INFO] [main] org.springframework.boot.web.embedded.tomcat.TomcatWebServer [TomcatWebServer.java : 206] Tomcat started on port(s): 8081 (http) with context path '/dgjj-api'
2018-09-18 19:35:04,452 [INFO] [main] io.renren.ApiApplication [StartupInfoLogger.java : 59] Started ApiApplication in 19.489 seconds (JVM running for 22.952)
2018-09-18 19:35:41,168 [INFO] [http-nio-8081-exec-1] o.a.c.core.ContainerBase.[Tomcat].[localhost].[/dgjj-api] [DirectJDKLog.java : 180] Initializing Spring FrameworkServlet 'dispatcherServlet'
2018-09-18 19:35:41,169 [INFO] [http-nio-8081-exec-1] org.springframework.web.servlet.DispatcherServlet [FrameworkServlet.java : 494] FrameworkServlet 'dispatcherServlet': initialization started
2018-09-18 19:35:41,200 [INFO] [http-nio-8081-exec-1] org.springframework.web.servlet.DispatcherServlet [FrameworkServlet.java : 509] FrameworkServlet 'dispatcherServlet': initialization completed in 31 ms
2018-09-18 19:35:52,219 [DEBUG] [http-nio-8081-exec-29] io.renren.dao.DgjjMarketDao.findList [BaseJdbcLogger.java : 159] ==>  Preparing: select DISTINCT IFNULL(tt.user_id,'') as "userId", IFNULL(t.id,'') as "id", IFNULL(t.id,'') as "marketId", IFNULL(t.techName,'') as "techName", IFNULL(t.driveNumber,'0') as "driveNumber", IFNULL(t.driveCash,'0') as "driveCash", IFNULL(t.transferProgress,'') as "transferProgress", IFNULL(t.transferProgressText,'') as "transferProgressText", IFNULL(t.techAppraise,'') as "techAppraise", IFNULL(t.attentionId,'') as "attentionId" from( select a.id as "id", a.id as "marketId", a.tech_name as "techName", a.tech_area as "techArea", count(DISTINCT b.user_id) as "driveNumber", sum(IFNULL(b.drive_cash,'0')) as "driveCash", c.code as "transferProgress", c.value as "transferProgressText", a.tech_appraise as "techAppraise", a.create_time as "createTime", d.id as "attentionId" from dgjj_market a left join dgjj_cook_tech b on a.id = b.market_id left join sys_dict c on a.transfer_progress = c.code and c.type='transfer_progress' left join dgjj_market_attention d on a.id = d.market_id WHERE a.tech_audit = '0' group by a.tech_name ) t left join dgjj_cook_tech tt on t.id = tt.market_id and tt.user_id = ? order by driveNumber desc GROUP BY t.marketId 
2018-09-18 19:35:52,298 [DEBUG] [http-nio-8081-exec-29] io.renren.dao.DgjjMarketDao.findList [BaseJdbcLogger.java : 159] ==> Parameters: 14(String)
2018-09-18 19:35:52,397 [INFO] [http-nio-8081-exec-29] o.springframework.beans.factory.xml.XmlBeanDefinitionReader [XmlBeanDefinitionReader.java : 316] Loading XML bean definitions from class path resource [org/springframework/jdbc/support/sql-error-codes.xml]
2018-09-18 19:35:52,566 [INFO] [http-nio-8081-exec-29] org.springframework.jdbc.support.SQLErrorCodesFactory [SQLErrorCodesFactory.java : 128] SQLErrorCodes loaded: [DB2, Derby, H2, HDB, HSQL, Informix, MS-SQL, MySQL, Oracle, PostgreSQL, Sybase]
2018-09-18 19:44:21,459 [INFO] [main] io.renren.ApiApplication [StartupInfoLogger.java : 50] Starting ApiApplication on zhangbowen3026803deMacBook-Pro.local with PID 522 (/Users/zhangbowen3026803/git/wyw-framework/renren-security/renren-api/target/classes started by zhangbowen3026803 in /Users/zhangbowen3026803/git/wyw-framework/renren-security/renren-api)
2018-09-18 19:44:21,493 [DEBUG] [main] io.renren.ApiApplication [StartupInfoLogger.java : 53] Running with Spring Boot v2.0.3.RELEASE, Spring v5.0.7.RELEASE
2018-09-18 19:44:21,506 [INFO] [main] io.renren.ApiApplication [SpringApplication.java : 663] The following profiles are active: dev
2018-09-18 19:44:21,731 [INFO] [main] o.s.b.w.s.c.AnnotationConfigServletWebServerApplicationContext [AbstractApplicationContext.java : 590] Refreshing org.springframework.boot.web.servlet.context.AnnotationConfigServletWebServerApplicationContext@736d6a5c: startup date [Tue Sep 18 19:44:21 CST 2018]; root of context hierarchy
2018-09-18 19:44:24,220 [INFO] [main] o.s.data.repository.config.RepositoryConfigurationDelegate [RepositoryConfigurationDelegate.java : 163] Multiple Spring Data modules found, entering strict repository configuration mode!
2018-09-18 19:44:25,373 [INFO] [main] o.s.c.s.PostProcessorRegistrationDelegate$BeanPostProcessorChecker [PostProcessorRegistrationDelegate.java : 328] Bean 'org.springframework.transaction.annotation.ProxyTransactionManagementConfiguration' of type [org.springframework.transaction.annotation.ProxyTransactionManagementConfiguration$$EnhancerBySpringCGLIB$$49ffcde8] is not eligible for getting processed by all BeanPostProcessors (for example: not eligible for auto-proxying)
2018-09-18 19:44:26,387 [INFO] [main] org.springframework.boot.web.embedded.tomcat.TomcatWebServer [TomcatWebServer.java : 91] Tomcat initialized with port(s): 8081 (http)
2018-09-18 19:44:26,468 [INFO] [main] org.apache.catalina.core.StandardService [DirectJDKLog.java : 180] Starting service [Tomcat]
2018-09-18 19:44:26,469 [INFO] [main] org.apache.catalina.core.StandardEngine [DirectJDKLog.java : 180] Starting Servlet Engine: Apache Tomcat/8.5.31
2018-09-18 19:44:26,493 [INFO] [localhost-startStop-1] org.apache.catalina.core.AprLifecycleListener [DirectJDKLog.java : 180] The APR based Apache Tomcat Native library which allows optimal performance in production environments was not found on the java.library.path: [/Users/zhangbowen3026803/Library/Java/Extensions:/Library/Java/Extensions:/Network/Library/Java/Extensions:/System/Library/Java/Extensions:/usr/lib/java:.]
2018-09-18 19:44:26,760 [INFO] [localhost-startStop-1] o.a.c.core.ContainerBase.[Tomcat].[localhost].[/dgjj-api] [DirectJDKLog.java : 180] Initializing Spring embedded WebApplicationContext
2018-09-18 19:44:26,763 [INFO] [localhost-startStop-1] org.springframework.web.context.ContextLoader [ServletWebServerApplicationContext.java : 285] Root WebApplicationContext: initialization completed in 5032 ms
2018-09-18 19:44:27,223 [INFO] [localhost-startStop-1] org.springframework.boot.web.servlet.FilterRegistrationBean [AbstractFilterRegistrationBean.java : 245] Mapping filter: 'characterEncodingFilter' to: [/*]
2018-09-18 19:44:27,224 [INFO] [localhost-startStop-1] org.springframework.boot.web.servlet.FilterRegistrationBean [AbstractFilterRegistrationBean.java : 245] Mapping filter: 'hiddenHttpMethodFilter' to: [/*]
2018-09-18 19:44:27,224 [INFO] [localhost-startStop-1] org.springframework.boot.web.servlet.FilterRegistrationBean [AbstractFilterRegistrationBean.java : 245] Mapping filter: 'httpPutFormContentFilter' to: [/*]
2018-09-18 19:44:27,225 [INFO] [localhost-startStop-1] org.springframework.boot.web.servlet.FilterRegistrationBean [AbstractFilterRegistrationBean.java : 245] Mapping filter: 'requestContextFilter' to: [/*]
2018-09-18 19:44:27,225 [INFO] [localhost-startStop-1] org.springframework.boot.web.servlet.FilterRegistrationBean [AbstractFilterRegistrationBean.java : 258] Mapping filter: 'xssFilter' to urls: [/*]
2018-09-18 19:44:27,226 [INFO] [localhost-startStop-1] org.springframework.boot.web.servlet.FilterRegistrationBean [AbstractFilterRegistrationBean.java : 258] Mapping filter: 'webStatFilter' to urls: [/*]
2018-09-18 19:44:27,226 [INFO] [localhost-startStop-1] org.springframework.boot.web.servlet.ServletRegistrationBean [ServletRegistrationBean.java : 186] Servlet dispatcherServlet mapped to [/]
2018-09-18 19:44:27,230 [INFO] [localhost-startStop-1] org.springframework.boot.web.servlet.ServletRegistrationBean [ServletRegistrationBean.java : 186] Servlet statViewServlet mapped to [/druid/*]
2018-09-18 19:44:27,737 [INFO] [main] c.a.d.spring.boot.autoconfigure.DruidDataSourceAutoConfigure [DruidDataSourceAutoConfigure.java : 56] Init DruidDataSource
2018-09-18 19:44:32,110 [INFO] [main] com.alibaba.druid.pool.DruidDataSource [DruidDataSource.java : 930] {dataSource-1} inited
2018-09-18 19:44:35,134 [INFO] [main] o.s.w.s.mvc.method.annotation.RequestMappingHandlerMapping [AbstractHandlerMethodMapping.java : 547] Mapped "{[/api/drive],methods=[POST]}" onto public io.renren.common.utils.R io.renren.controller.ApiDgjjCookTechnologyController.drive(io.renren.form.DgjjCookTechForm)
2018-09-18 19:44:35,136 [INFO] [main] o.s.w.s.mvc.method.annotation.RequestMappingHandlerMapping [AbstractHandlerMethodMapping.java : 547] Mapped "{[/api/cooktech],methods=[POST]}" onto public io.renren.common.utils.R io.renren.controller.ApiDgjjCookTechnologyController.cooktech(io.renren.form.DgjjMarketForm)
2018-09-18 19:44:35,137 [INFO] [main] o.s.w.s.mvc.method.annotation.RequestMappingHandlerMapping [AbstractHandlerMethodMapping.java : 547] Mapped "{[/api/cooktech/detail],methods=[POST]}" onto public io.renren.common.utils.R io.renren.controller.ApiDgjjCookTechnologyController.cooktechdetail(io.renren.form.DgjjMarketForm)
2018-09-18 19:44:35,138 [INFO] [main] o.s.w.s.mvc.method.annotation.RequestMappingHandlerMapping [AbstractHandlerMethodMapping.java : 547] Mapped "{[/api/my/cooktech],methods=[POST]}" onto public io.renren.common.utils.R io.renren.controller.ApiDgjjCookTechnologyController.mycooktech(io.renren.form.DgjjMarketForm)
2018-09-18 19:44:35,139 [INFO] [main] o.s.w.s.mvc.method.annotation.RequestMappingHandlerMapping [AbstractHandlerMethodMapping.java : 547] Mapped "{[/api/my/cooktech/detail],methods=[POST]}" onto public io.renren.common.utils.R io.renren.controller.ApiDgjjCookTechnologyController.mycooktechdetail(io.renren.form.DgjjMarketForm)
2018-09-18 19:44:35,141 [INFO] [main] o.s.w.s.mvc.method.annotation.RequestMappingHandlerMapping [AbstractHandlerMethodMapping.java : 547] Mapped "{[/api/techarea],methods=[POST]}" onto public io.renren.common.utils.R io.renren.controller.ApiDgjjDictController.techarea()
2018-09-18 19:44:35,142 [INFO] [main] o.s.w.s.mvc.method.annotation.RequestMappingHandlerMapping [AbstractHandlerMethodMapping.java : 547] Mapped "{[/api/transaction],methods=[POST]}" onto public io.renren.common.utils.R io.renren.controller.ApiDgjjDictController.transaction()
2018-09-18 19:44:35,143 [INFO] [main] o.s.w.s.mvc.method.annotation.RequestMappingHandlerMapping [AbstractHandlerMethodMapping.java : 547] Mapped "{[/api/drive/authentication],methods=[POST]}" onto public io.renren.common.utils.R io.renren.controller.ApiDgjjDriveAuthenticationController.authentication(io.renren.form.DgjjDriveAuthenticationForm)
2018-09-18 19:44:35,146 [INFO] [main] o.s.w.s.mvc.method.annotation.RequestMappingHandlerMapping [AbstractHandlerMethodMapping.java : 547] Mapped "{[/api/my/investmenttech],methods=[POST]}" onto public io.renren.common.utils.R io.renren.controller.ApiDgjjInvestmentTechnologyController.mycooktech(io.renren.form.DgjjMarketForm)
2018-09-18 19:44:35,147 [INFO] [main] o.s.w.s.mvc.method.annotation.RequestMappingHandlerMapping [AbstractHandlerMethodMapping.java : 547] Mapped "{[/api/my/investmenttech/detail],methods=[POST]}" onto public io.renren.common.utils.R io.renren.controller.ApiDgjjInvestmentTechnologyController.mycooktechdetail(io.renren.form.DgjjMarketForm)
2018-09-18 19:44:35,147 [INFO] [main] o.s.w.s.mvc.method.annotation.RequestMappingHandlerMapping [AbstractHandlerMethodMapping.java : 547] Mapped "{[/api/investmenttech],methods=[POST]}" onto public io.renren.common.utils.R io.renren.controller.ApiDgjjInvestmentTechnologyController.investmenttech(io.renren.form.DgjjMarketForm)
2018-09-18 19:44:35,148 [INFO] [main] o.s.w.s.mvc.method.annotation.RequestMappingHandlerMapping [AbstractHandlerMethodMapping.java : 547] Mapped "{[/api/investmenttech/detail],methods=[POST]}" onto public io.renren.common.utils.R io.renren.controller.ApiDgjjInvestmentTechnologyController.investmenttechdetail(io.renren.form.DgjjMarketForm)
2018-09-18 19:44:35,148 [INFO] [main] o.s.w.s.mvc.method.annotation.RequestMappingHandlerMapping [AbstractHandlerMethodMapping.java : 547] Mapped "{[/api/investment],methods=[POST]}" onto public io.renren.common.utils.R io.renren.controller.ApiDgjjInvestmentTechnologyController.investment(io.renren.form.DgjjInvestmentTechForm)
2018-09-18 19:44:35,149 [INFO] [main] o.s.w.s.mvc.method.annotation.RequestMappingHandlerMapping [AbstractHandlerMethodMapping.java : 547] Mapped "{[/api/investor/authentication],methods=[POST]}" onto public io.renren.common.utils.R io.renren.controller.ApiDgjjInvestorAuthenticationController.investor(io.renren.form.DgjjInvestorAuthenticationForm)
2018-09-18 19:44:35,154 [INFO] [main] o.s.w.s.mvc.method.annotation.RequestMappingHandlerMapping [AbstractHandlerMethodMapping.java : 547] Mapped "{[/api/cancel/attention],methods=[POST]}" onto public io.renren.common.utils.R io.renren.controller.ApiDgjjMarketAttentionController.cancel(io.renren.form.DgjjMarketAttentionForm)
2018-09-18 19:44:35,155 [INFO] [main] o.s.w.s.mvc.method.annotation.RequestMappingHandlerMapping [AbstractHandlerMethodMapping.java : 547] Mapped "{[/api/attention],methods=[POST]}" onto public io.renren.common.utils.R io.renren.controller.ApiDgjjMarketAttentionController.attention(io.renren.form.DgjjMarketAttentionForm)
2018-09-18 19:44:35,157 [INFO] [main] o.s.w.s.mvc.method.annotation.RequestMappingHandlerMapping [AbstractHandlerMethodMapping.java : 547] Mapped "{[/api/market/detail],methods=[POST]}" onto public io.renren.common.utils.R io.renren.controller.ApiDgjjMarketController.mycooktechdetail(io.renren.form.DgjjMarketForm)
2018-09-18 19:44:35,158 [INFO] [main] o.s.w.s.mvc.method.annotation.RequestMappingHandlerMapping [AbstractHandlerMethodMapping.java : 547] Mapped "{[/api/market],methods=[POST]}" onto public io.renren.common.utils.R io.renren.controller.ApiDgjjMarketController.market(io.renren.form.DgjjMarketForm)
2018-09-18 19:44:35,159 [INFO] [main] o.s.w.s.mvc.method.annotation.RequestMappingHandlerMapping [AbstractHandlerMethodMapping.java : 547] Mapped "{[/api/reporttech],methods=[POST]}" onto public io.renren.common.utils.R io.renren.controller.ApiDgjjReportTechnologyController.reporttech(io.renren.form.DgjjReportTechForm)
2018-09-18 19:44:35,161 [INFO] [main] o.s.w.s.mvc.method.annotation.RequestMappingHandlerMapping [AbstractHandlerMethodMapping.java : 547] Mapped "{[/api/searchtech],methods=[POST]}" onto public io.renren.common.utils.R io.renren.controller.ApiDgjjSearchTechnologyController.searchtech(io.renren.form.DgjjSearchTechForm)
2018-09-18 19:44:35,162 [INFO] [main] o.s.w.s.mvc.method.annotation.RequestMappingHandlerMapping [AbstractHandlerMethodMapping.java : 547] Mapped "{[/api/logout],methods=[POST]}" onto public io.renren.common.utils.R io.renren.controller.ApiLoginController.logout(java.lang.String)
2018-09-18 19:44:35,163 [INFO] [main] o.s.w.s.mvc.method.annotation.RequestMappingHandlerMapping [AbstractHandlerMethodMapping.java : 547] Mapped "{[/api/login],methods=[POST]}" onto public io.renren.common.utils.R io.renren.controller.ApiLoginController.login(io.renren.form.LoginForm)
2018-09-18 19:44:35,165 [INFO] [main] o.s.w.s.mvc.method.annotation.RequestMappingHandlerMapping [AbstractHandlerMethodMapping.java : 547] Mapped "{[/api/menu/add],methods=[POST]}" onto public io.renren.common.utils.R io.renren.controller.ApiMenuController.add(io.renren.form.MenuForm)
2018-09-18 19:44:35,166 [INFO] [main] o.s.w.s.mvc.method.annotation.RequestMappingHandlerMapping [AbstractHandlerMethodMapping.java : 547] Mapped "{[/api/register],methods=[POST]}" onto public io.renren.common.utils.R io.renren.controller.ApiRegisterController.register(io.renren.form.RegisterForm)
2018-09-18 19:44:35,167 [INFO] [main] o.s.w.s.mvc.method.annotation.RequestMappingHandlerMapping [AbstractHandlerMethodMapping.java : 547] Mapped "{[/api/role/add],methods=[POST]}" onto public io.renren.common.utils.R io.renren.controller.ApiRoleController.add(io.renren.form.RoleForm)
2018-09-18 19:44:35,168 [INFO] [main] o.s.w.s.mvc.method.annotation.RequestMappingHandlerMapping [AbstractHandlerMethodMapping.java : 547] Mapped "{[/api/rolemenu/add],methods=[POST]}" onto public io.renren.common.utils.R io.renren.controller.ApiRoleMenuController.add(io.renren.form.RoleMenuForm)
2018-09-18 19:44:35,172 [INFO] [main] o.s.w.s.mvc.method.annotation.RequestMappingHandlerMapping [AbstractHandlerMethodMapping.java : 547] Mapped "{[/api/userId],methods=[GET]}" onto public io.renren.common.utils.R io.renren.controller.ApiTestController.userInfo(java.lang.Integer)
2018-09-18 19:44:35,173 [INFO] [main] o.s.w.s.mvc.method.annotation.RequestMappingHandlerMapping [AbstractHandlerMethodMapping.java : 547] Mapped "{[/api/userInfo],methods=[GET]}" onto public io.renren.common.utils.R io.renren.controller.ApiTestController.userInfo(io.renren.entity.UserEntity)
2018-09-18 19:44:35,173 [INFO] [main] o.s.w.s.mvc.method.annotation.RequestMappingHandlerMapping [AbstractHandlerMethodMapping.java : 547] Mapped "{[/api/notToken],methods=[GET]}" onto public io.renren.common.utils.R io.renren.controller.ApiTestController.notToken()
2018-09-18 19:44:35,175 [INFO] [main] o.s.w.s.mvc.method.annotation.RequestMappingHandlerMapping [AbstractHandlerMethodMapping.java : 547] Mapped "{[/api/update/username],methods=[POST]}" onto public io.renren.common.utils.R io.renren.controller.ApiUserController.uusername(io.renren.form.UserForm)
2018-09-18 19:44:35,175 [INFO] [main] o.s.w.s.mvc.method.annotation.RequestMappingHandlerMapping [AbstractHandlerMethodMapping.java : 547] Mapped "{[/api/update/password],methods=[POST]}" onto public io.renren.common.utils.R io.renren.controller.ApiUserController.upassword(io.renren.form.UserForm)
2018-09-18 19:44:35,176 [INFO] [main] o.s.w.s.mvc.method.annotation.RequestMappingHandlerMapping [AbstractHandlerMethodMapping.java : 547] Mapped "{[/api/my/baseinfo],methods=[POST]}" onto public io.renren.common.utils.R io.renren.controller.ApiUserRoleController.baseinfo(io.renren.form.RegisterForm)
2018-09-18 19:44:35,177 [INFO] [main] o.s.w.s.mvc.method.annotation.RequestMappingHandlerMapping [AbstractHandlerMethodMapping.java : 547] Mapped "{[/api/my/baseinfo/updateUserName],methods=[POST]}" onto public io.renren.common.utils.R io.renren.controller.ApiUserRoleController.updateUserName(io.renren.form.UserForm)
2018-09-18 19:44:35,182 [INFO] [main] o.s.w.s.mvc.method.annotation.RequestMappingHandlerMapping [AbstractHandlerMethodMapping.java : 547] Mapped "{[/swagger-resources/configuration/ui]}" onto public org.springframework.http.ResponseEntity<springfox.documentation.swagger.web.UiConfiguration> springfox.documentation.swagger.web.ApiResourceController.uiConfiguration()
2018-09-18 19:44:35,183 [INFO] [main] o.s.w.s.mvc.method.annotation.RequestMappingHandlerMapping [AbstractHandlerMethodMapping.java : 547] Mapped "{[/swagger-resources/configuration/security]}" onto public org.springframework.http.ResponseEntity<springfox.documentation.swagger.web.SecurityConfiguration> springfox.documentation.swagger.web.ApiResourceController.securityConfiguration()
2018-09-18 19:44:35,184 [INFO] [main] o.s.w.s.mvc.method.annotation.RequestMappingHandlerMapping [AbstractHandlerMethodMapping.java : 547] Mapped "{[/swagger-resources]}" onto public org.springframework.http.ResponseEntity<java.util.List<springfox.documentation.swagger.web.SwaggerResource>> springfox.documentation.swagger.web.ApiResourceController.swaggerResources()
2018-09-18 19:44:35,195 [INFO] [main] o.s.w.s.mvc.method.annotation.RequestMappingHandlerMapping [AbstractHandlerMethodMapping.java : 547] Mapped "{[/error]}" onto public org.springframework.http.ResponseEntity<java.util.Map<java.lang.String, java.lang.Object>> org.springframework.boot.autoconfigure.web.servlet.error.BasicErrorController.error(javax.servlet.http.HttpServletRequest)
2018-09-18 19:44:35,198 [INFO] [main] o.s.w.s.mvc.method.annotation.RequestMappingHandlerMapping [AbstractHandlerMethodMapping.java : 547] Mapped "{[/error],produces=[text/html]}" onto public org.springframework.web.servlet.ModelAndView org.springframework.boot.autoconfigure.web.servlet.error.BasicErrorController.errorHtml(javax.servlet.http.HttpServletRequest,javax.servlet.http.HttpServletResponse)
2018-09-18 19:44:35,556 [INFO] [main] s.d.spring.web.PropertySourcedRequestMappingHandlerMapping [PropertySourcedRequestMappingHandlerMapping.java : 69] Mapped URL path [/v2/api-docs] onto method [public org.springframework.http.ResponseEntity<springfox.documentation.spring.web.json.Json> springfox.documentation.swagger2.web.Swagger2Controller.getDocumentation(java.lang.String,javax.servlet.http.HttpServletRequest)]
2018-09-18 19:44:35,829 [INFO] [main] o.s.web.servlet.handler.SimpleUrlHandlerMapping [AbstractUrlHandlerMapping.java : 373] Mapped URL path [/**/favicon.ico] onto handler of type [class org.springframework.web.servlet.resource.ResourceHttpRequestHandler]
2018-09-18 19:44:36,431 [INFO] [main] o.s.w.s.mvc.method.annotation.RequestMappingHandlerAdapter [RequestMappingHandlerAdapter.java : 574] Looking for @ControllerAdvice: org.springframework.boot.web.servlet.context.AnnotationConfigServletWebServerApplicationContext@736d6a5c: startup date [Tue Sep 18 19:44:21 CST 2018]; root of context hierarchy
2018-09-18 19:44:36,565 [INFO] [main] o.s.web.servlet.handler.SimpleUrlHandlerMapping [AbstractUrlHandlerMapping.java : 373] Mapped URL path [/webjars/**] onto handler of type [class org.springframework.web.servlet.resource.ResourceHttpRequestHandler]
2018-09-18 19:44:36,566 [INFO] [main] o.s.web.servlet.handler.SimpleUrlHandlerMapping [AbstractUrlHandlerMapping.java : 373] Mapped URL path [/**] onto handler of type [class org.springframework.web.servlet.resource.ResourceHttpRequestHandler]
2018-09-18 19:44:36,592 [INFO] [main] o.s.w.s.m.m.annotation.ExceptionHandlerExceptionResolver [ExceptionHandlerExceptionResolver.java : 288] Detected @ExceptionHandler methods in RRExceptionHandler
2018-09-18 19:44:37,228 [INFO] [main] org.springframework.ui.freemarker.SpringTemplateLoader [SpringTemplateLoader.java : 62] SpringTemplateLoader for FreeMarker: using resource loader [org.springframework.boot.web.servlet.context.AnnotationConfigServletWebServerApplicationContext@736d6a5c: startup date [Tue Sep 18 19:44:21 CST 2018]; root of context hierarchy] and template loader path [classpath:/templates/]
2018-09-18 19:44:37,231 [INFO] [main] o.s.web.servlet.view.freemarker.FreeMarkerConfigurer [FreeMarkerConfigurer.java : 131] ClassTemplateLoader for Spring macros added to FreeMarker configuration
2018-09-18 19:44:37,583 [INFO] [main] o.s.jmx.export.annotation.AnnotationMBeanExporter [MBeanExporter.java : 433] Registering beans for JMX exposure on startup
2018-09-18 19:44:37,587 [INFO] [main] o.s.jmx.export.annotation.AnnotationMBeanExporter [MBeanExporter.java : 895] Bean with name 'statFilter' has been autodetected for JMX exposure
2018-09-18 19:44:37,587 [INFO] [main] o.s.jmx.export.annotation.AnnotationMBeanExporter [MBeanExporter.java : 895] Bean with name 'dataSource' has been autodetected for JMX exposure
2018-09-18 19:44:37,597 [INFO] [main] o.s.jmx.export.annotation.AnnotationMBeanExporter [MBeanExporter.java : 668] Located MBean 'dataSource': registering with JMX server as MBean [com.alibaba.druid.spring.boot.autoconfigure:name=dataSource,type=DruidDataSourceWrapper]
2018-09-18 19:44:37,599 [INFO] [main] o.s.jmx.export.annotation.AnnotationMBeanExporter [MBeanExporter.java : 668] Located MBean 'statFilter': registering with JMX server as MBean [com.alibaba.druid.filter.stat:name=statFilter,type=StatFilter]
2018-09-18 19:44:37,610 [INFO] [main] o.springframework.context.support.DefaultLifecycleProcessor [DefaultLifecycleProcessor.java : 351] Starting beans in phase 2147483647
2018-09-18 19:44:37,610 [INFO] [main] s.d.spring.web.plugins.DocumentationPluginsBootstrapper [DocumentationPluginsBootstrapper.java : 147] Context refreshed
2018-09-18 19:44:37,658 [INFO] [main] s.d.spring.web.plugins.DocumentationPluginsBootstrapper [DocumentationPluginsBootstrapper.java : 150] Found 1 custom documentation plugin(s)
2018-09-18 19:44:37,752 [INFO] [main] s.d.spring.web.scanners.ApiListingReferenceScanner [ApiListingReferenceScanner.java : 41] Scanning for api listing references
2018-09-18 19:44:38,088 [INFO] [main] s.d.s.web.readers.operation.CachingOperationNameGenerator [CachingOperationNameGenerator.java : 40] Generating unique operation named: mycooktechUsingPOST_1
2018-09-18 19:44:38,094 [INFO] [main] s.d.s.web.readers.operation.CachingOperationNameGenerator [CachingOperationNameGenerator.java : 40] Generating unique operation named: mycooktechdetailUsingPOST_1
2018-09-18 19:44:38,120 [INFO] [main] s.d.s.web.readers.operation.CachingOperationNameGenerator [CachingOperationNameGenerator.java : 40] Generating unique operation named: mycooktechdetailUsingPOST_2
2018-09-18 19:44:38,179 [INFO] [main] s.d.s.web.readers.operation.CachingOperationNameGenerator [CachingOperationNameGenerator.java : 40] Generating unique operation named: addUsingPOST_1
2018-09-18 19:44:38,185 [INFO] [main] s.d.s.web.readers.operation.CachingOperationNameGenerator [CachingOperationNameGenerator.java : 40] Generating unique operation named: addUsingPOST_2
2018-09-18 19:44:38,233 [INFO] [main] s.d.s.web.readers.operation.CachingOperationNameGenerator [CachingOperationNameGenerator.java : 40] Generating unique operation named: userInfoUsingGET_1
2018-09-18 19:44:38,426 [INFO] [main] org.springframework.boot.web.embedded.tomcat.TomcatWebServer [TomcatWebServer.java : 206] Tomcat started on port(s): 8081 (http) with context path '/dgjj-api'
2018-09-18 19:44:38,436 [INFO] [main] io.renren.ApiApplication [StartupInfoLogger.java : 59] Started ApiApplication in 18.488 seconds (JVM running for 20.084)
2018-09-18 19:44:50,284 [INFO] [http-nio-8081-exec-1] o.a.c.core.ContainerBase.[Tomcat].[localhost].[/dgjj-api] [DirectJDKLog.java : 180] Initializing Spring FrameworkServlet 'dispatcherServlet'
2018-09-18 19:44:50,286 [INFO] [http-nio-8081-exec-1] org.springframework.web.servlet.DispatcherServlet [FrameworkServlet.java : 494] FrameworkServlet 'dispatcherServlet': initialization started
2018-09-18 19:44:50,323 [INFO] [http-nio-8081-exec-1] org.springframework.web.servlet.DispatcherServlet [FrameworkServlet.java : 509] FrameworkServlet 'dispatcherServlet': initialization completed in 37 ms
2018-09-18 19:45:02,326 [DEBUG] [http-nio-8081-exec-6] io.renren.dao.DgjjMarketDao.findList [BaseJdbcLogger.java : 159] ==>  Preparing: select DISTINCT IFNULL(tt.user_id,'') as "userId", IFNULL(t.id,'') as "id", IFNULL(t.id,'') as "marketId", IFNULL(t.techName,'') as "techName", IFNULL(t.driveNumber,'0') as "driveNumber", IFNULL(t.driveCash,'0') as "driveCash", IFNULL(t.transferProgress,'') as "transferProgress", IFNULL(t.transferProgressText,'') as "transferProgressText", IFNULL(t.techAppraise,'') as "techAppraise", IFNULL(t.attentionId,'') as "attentionId" from( select a.id as "id", a.id as "marketId", a.tech_name as "techName", a.tech_area as "techArea", count(DISTINCT b.user_id) as "driveNumber", sum(IFNULL(b.drive_cash,'0')) as "driveCash", c.code as "transferProgress", c.value as "transferProgressText", a.tech_appraise as "techAppraise", a.create_time as "createTime", d.id as "attentionId" from dgjj_market a left join dgjj_cook_tech b on a.id = b.market_id left join sys_dict c on a.transfer_progress = c.code and c.type='transfer_progress' left join dgjj_market_attention d on a.id = d.market_id WHERE a.tech_audit = '0' group by a.tech_name ) t left join dgjj_cook_tech tt on t.id = tt.market_id and tt.user_id = ? order by driveNumber desc GROUP BY t.marketId 
2018-09-18 19:45:02,405 [DEBUG] [http-nio-8081-exec-6] io.renren.dao.DgjjMarketDao.findList [BaseJdbcLogger.java : 159] ==> Parameters: 14(String)
2018-09-18 19:45:02,511 [INFO] [http-nio-8081-exec-6] o.springframework.beans.factory.xml.XmlBeanDefinitionReader [XmlBeanDefinitionReader.java : 316] Loading XML bean definitions from class path resource [org/springframework/jdbc/support/sql-error-codes.xml]
2018-09-18 19:45:02,607 [INFO] [http-nio-8081-exec-6] org.springframework.jdbc.support.SQLErrorCodesFactory [SQLErrorCodesFactory.java : 128] SQLErrorCodes loaded: [DB2, Derby, H2, HDB, HSQL, Informix, MS-SQL, MySQL, Oracle, PostgreSQL, Sybase]
2018-09-18 19:48:25,807 [INFO] [main] io.renren.ApiApplication [StartupInfoLogger.java : 50] Starting ApiApplication on zhangbowen3026803deMacBook-Pro.local with PID 572 (/Users/zhangbowen3026803/git/wyw-framework/renren-security/renren-api/target/classes started by zhangbowen3026803 in /Users/zhangbowen3026803/git/wyw-framework/renren-security/renren-api)
2018-09-18 19:48:25,864 [DEBUG] [main] io.renren.ApiApplication [StartupInfoLogger.java : 53] Running with Spring Boot v2.0.3.RELEASE, Spring v5.0.7.RELEASE
2018-09-18 19:48:25,867 [INFO] [main] io.renren.ApiApplication [SpringApplication.java : 663] The following profiles are active: dev
2018-09-18 19:48:26,070 [INFO] [main] o.s.b.w.s.c.AnnotationConfigServletWebServerApplicationContext [AbstractApplicationContext.java : 590] Refreshing org.springframework.boot.web.servlet.context.AnnotationConfigServletWebServerApplicationContext@6955cb39: startup date [Tue Sep 18 19:48:26 CST 2018]; root of context hierarchy
2018-09-18 19:48:28,528 [INFO] [main] o.s.data.repository.config.RepositoryConfigurationDelegate [RepositoryConfigurationDelegate.java : 163] Multiple Spring Data modules found, entering strict repository configuration mode!
2018-09-18 19:48:29,559 [INFO] [main] o.s.c.s.PostProcessorRegistrationDelegate$BeanPostProcessorChecker [PostProcessorRegistrationDelegate.java : 328] Bean 'org.springframework.transaction.annotation.ProxyTransactionManagementConfiguration' of type [org.springframework.transaction.annotation.ProxyTransactionManagementConfiguration$$EnhancerBySpringCGLIB$$64ab0e79] is not eligible for getting processed by all BeanPostProcessors (for example: not eligible for auto-proxying)
2018-09-18 19:48:30,354 [INFO] [main] org.springframework.boot.web.embedded.tomcat.TomcatWebServer [TomcatWebServer.java : 91] Tomcat initialized with port(s): 8081 (http)
2018-09-18 19:48:30,404 [INFO] [main] org.apache.catalina.core.StandardService [DirectJDKLog.java : 180] Starting service [Tomcat]
2018-09-18 19:48:30,405 [INFO] [main] org.apache.catalina.core.StandardEngine [DirectJDKLog.java : 180] Starting Servlet Engine: Apache Tomcat/8.5.31
2018-09-18 19:48:30,431 [INFO] [localhost-startStop-1] org.apache.catalina.core.AprLifecycleListener [DirectJDKLog.java : 180] The APR based Apache Tomcat Native library which allows optimal performance in production environments was not found on the java.library.path: [/Users/zhangbowen3026803/Library/Java/Extensions:/Library/Java/Extensions:/Network/Library/Java/Extensions:/System/Library/Java/Extensions:/usr/lib/java:.]
2018-09-18 19:48:30,632 [INFO] [localhost-startStop-1] o.a.c.core.ContainerBase.[Tomcat].[localhost].[/dgjj-api] [DirectJDKLog.java : 180] Initializing Spring embedded WebApplicationContext
2018-09-18 19:48:30,633 [INFO] [localhost-startStop-1] org.springframework.web.context.ContextLoader [ServletWebServerApplicationContext.java : 285] Root WebApplicationContext: initialization completed in 4563 ms
2018-09-18 19:48:30,972 [INFO] [localhost-startStop-1] org.springframework.boot.web.servlet.FilterRegistrationBean [AbstractFilterRegistrationBean.java : 245] Mapping filter: 'characterEncodingFilter' to: [/*]
2018-09-18 19:48:30,973 [INFO] [localhost-startStop-1] org.springframework.boot.web.servlet.FilterRegistrationBean [AbstractFilterRegistrationBean.java : 245] Mapping filter: 'hiddenHttpMethodFilter' to: [/*]
2018-09-18 19:48:30,974 [INFO] [localhost-startStop-1] org.springframework.boot.web.servlet.FilterRegistrationBean [AbstractFilterRegistrationBean.java : 245] Mapping filter: 'httpPutFormContentFilter' to: [/*]
2018-09-18 19:48:30,974 [INFO] [localhost-startStop-1] org.springframework.boot.web.servlet.FilterRegistrationBean [AbstractFilterRegistrationBean.java : 245] Mapping filter: 'requestContextFilter' to: [/*]
2018-09-18 19:48:30,975 [INFO] [localhost-startStop-1] org.springframework.boot.web.servlet.FilterRegistrationBean [AbstractFilterRegistrationBean.java : 258] Mapping filter: 'xssFilter' to urls: [/*]
2018-09-18 19:48:30,975 [INFO] [localhost-startStop-1] org.springframework.boot.web.servlet.FilterRegistrationBean [AbstractFilterRegistrationBean.java : 258] Mapping filter: 'webStatFilter' to urls: [/*]
2018-09-18 19:48:30,975 [INFO] [localhost-startStop-1] org.springframework.boot.web.servlet.ServletRegistrationBean [ServletRegistrationBean.java : 186] Servlet dispatcherServlet mapped to [/]
2018-09-18 19:48:30,978 [INFO] [localhost-startStop-1] org.springframework.boot.web.servlet.ServletRegistrationBean [ServletRegistrationBean.java : 186] Servlet statViewServlet mapped to [/druid/*]
2018-09-18 19:48:31,370 [INFO] [main] c.a.d.spring.boot.autoconfigure.DruidDataSourceAutoConfigure [DruidDataSourceAutoConfigure.java : 56] Init DruidDataSource
2018-09-18 19:48:35,738 [INFO] [main] com.alibaba.druid.pool.DruidDataSource [DruidDataSource.java : 930] {dataSource-1} inited
2018-09-18 19:48:38,408 [INFO] [main] o.s.w.s.mvc.method.annotation.RequestMappingHandlerMapping [AbstractHandlerMethodMapping.java : 547] Mapped "{[/api/cooktech],methods=[POST]}" onto public io.renren.common.utils.R io.renren.controller.ApiDgjjCookTechnologyController.cooktech(io.renren.form.DgjjMarketForm)
2018-09-18 19:48:38,410 [INFO] [main] o.s.w.s.mvc.method.annotation.RequestMappingHandlerMapping [AbstractHandlerMethodMapping.java : 547] Mapped "{[/api/cooktech/detail],methods=[POST]}" onto public io.renren.common.utils.R io.renren.controller.ApiDgjjCookTechnologyController.cooktechdetail(io.renren.form.DgjjMarketForm)
2018-09-18 19:48:38,411 [INFO] [main] o.s.w.s.mvc.method.annotation.RequestMappingHandlerMapping [AbstractHandlerMethodMapping.java : 547] Mapped "{[/api/my/cooktech],methods=[POST]}" onto public io.renren.common.utils.R io.renren.controller.ApiDgjjCookTechnologyController.mycooktech(io.renren.form.DgjjMarketForm)
2018-09-18 19:48:38,412 [INFO] [main] o.s.w.s.mvc.method.annotation.RequestMappingHandlerMapping [AbstractHandlerMethodMapping.java : 547] Mapped "{[/api/my/cooktech/detail],methods=[POST]}" onto public io.renren.common.utils.R io.renren.controller.ApiDgjjCookTechnologyController.mycooktechdetail(io.renren.form.DgjjMarketForm)
2018-09-18 19:48:38,413 [INFO] [main] o.s.w.s.mvc.method.annotation.RequestMappingHandlerMapping [AbstractHandlerMethodMapping.java : 547] Mapped "{[/api/drive],methods=[POST]}" onto public io.renren.common.utils.R io.renren.controller.ApiDgjjCookTechnologyController.drive(io.renren.form.DgjjCookTechForm)
2018-09-18 19:48:38,414 [INFO] [main] o.s.w.s.mvc.method.annotation.RequestMappingHandlerMapping [AbstractHandlerMethodMapping.java : 547] Mapped "{[/api/techarea],methods=[POST]}" onto public io.renren.common.utils.R io.renren.controller.ApiDgjjDictController.techarea()
2018-09-18 19:48:38,415 [INFO] [main] o.s.w.s.mvc.method.annotation.RequestMappingHandlerMapping [AbstractHandlerMethodMapping.java : 547] Mapped "{[/api/transaction],methods=[POST]}" onto public io.renren.common.utils.R io.renren.controller.ApiDgjjDictController.transaction()
2018-09-18 19:48:38,416 [INFO] [main] o.s.w.s.mvc.method.annotation.RequestMappingHandlerMapping [AbstractHandlerMethodMapping.java : 547] Mapped "{[/api/drive/authentication],methods=[POST]}" onto public io.renren.common.utils.R io.renren.controller.ApiDgjjDriveAuthenticationController.authentication(io.renren.form.DgjjDriveAuthenticationForm)
2018-09-18 19:48:38,419 [INFO] [main] o.s.w.s.mvc.method.annotation.RequestMappingHandlerMapping [AbstractHandlerMethodMapping.java : 547] Mapped "{[/api/my/investmenttech],methods=[POST]}" onto public io.renren.common.utils.R io.renren.controller.ApiDgjjInvestmentTechnologyController.mycooktech(io.renren.form.DgjjMarketForm)
2018-09-18 19:48:38,420 [INFO] [main] o.s.w.s.mvc.method.annotation.RequestMappingHandlerMapping [AbstractHandlerMethodMapping.java : 547] Mapped "{[/api/my/investmenttech/detail],methods=[POST]}" onto public io.renren.common.utils.R io.renren.controller.ApiDgjjInvestmentTechnologyController.mycooktechdetail(io.renren.form.DgjjMarketForm)
2018-09-18 19:48:38,420 [INFO] [main] o.s.w.s.mvc.method.annotation.RequestMappingHandlerMapping [AbstractHandlerMethodMapping.java : 547] Mapped "{[/api/investmenttech],methods=[POST]}" onto public io.renren.common.utils.R io.renren.controller.ApiDgjjInvestmentTechnologyController.investmenttech(io.renren.form.DgjjMarketForm)
2018-09-18 19:48:38,421 [INFO] [main] o.s.w.s.mvc.method.annotation.RequestMappingHandlerMapping [AbstractHandlerMethodMapping.java : 547] Mapped "{[/api/investmenttech/detail],methods=[POST]}" onto public io.renren.common.utils.R io.renren.controller.ApiDgjjInvestmentTechnologyController.investmenttechdetail(io.renren.form.DgjjMarketForm)
2018-09-18 19:48:38,423 [INFO] [main] o.s.w.s.mvc.method.annotation.RequestMappingHandlerMapping [AbstractHandlerMethodMapping.java : 547] Mapped "{[/api/investment],methods=[POST]}" onto public io.renren.common.utils.R io.renren.controller.ApiDgjjInvestmentTechnologyController.investment(io.renren.form.DgjjInvestmentTechForm)
2018-09-18 19:48:38,425 [INFO] [main] o.s.w.s.mvc.method.annotation.RequestMappingHandlerMapping [AbstractHandlerMethodMapping.java : 547] Mapped "{[/api/investor/authentication],methods=[POST]}" onto public io.renren.common.utils.R io.renren.controller.ApiDgjjInvestorAuthenticationController.investor(io.renren.form.DgjjInvestorAuthenticationForm)
2018-09-18 19:48:38,430 [INFO] [main] o.s.w.s.mvc.method.annotation.RequestMappingHandlerMapping [AbstractHandlerMethodMapping.java : 547] Mapped "{[/api/cancel/attention],methods=[POST]}" onto public io.renren.common.utils.R io.renren.controller.ApiDgjjMarketAttentionController.cancel(io.renren.form.DgjjMarketAttentionForm)
2018-09-18 19:48:38,431 [INFO] [main] o.s.w.s.mvc.method.annotation.RequestMappingHandlerMapping [AbstractHandlerMethodMapping.java : 547] Mapped "{[/api/attention],methods=[POST]}" onto public io.renren.common.utils.R io.renren.controller.ApiDgjjMarketAttentionController.attention(io.renren.form.DgjjMarketAttentionForm)
2018-09-18 19:48:38,432 [INFO] [main] o.s.w.s.mvc.method.annotation.RequestMappingHandlerMapping [AbstractHandlerMethodMapping.java : 547] Mapped "{[/api/market],methods=[POST]}" onto public io.renren.common.utils.R io.renren.controller.ApiDgjjMarketController.market(io.renren.form.DgjjMarketForm)
2018-09-18 19:48:38,433 [INFO] [main] o.s.w.s.mvc.method.annotation.RequestMappingHandlerMapping [AbstractHandlerMethodMapping.java : 547] Mapped "{[/api/market/detail],methods=[POST]}" onto public io.renren.common.utils.R io.renren.controller.ApiDgjjMarketController.mycooktechdetail(io.renren.form.DgjjMarketForm)
2018-09-18 19:48:38,434 [INFO] [main] o.s.w.s.mvc.method.annotation.RequestMappingHandlerMapping [AbstractHandlerMethodMapping.java : 547] Mapped "{[/api/reporttech],methods=[POST]}" onto public io.renren.common.utils.R io.renren.controller.ApiDgjjReportTechnologyController.reporttech(io.renren.form.DgjjReportTechForm)
2018-09-18 19:48:38,435 [INFO] [main] o.s.w.s.mvc.method.annotation.RequestMappingHandlerMapping [AbstractHandlerMethodMapping.java : 547] Mapped "{[/api/searchtech],methods=[POST]}" onto public io.renren.common.utils.R io.renren.controller.ApiDgjjSearchTechnologyController.searchtech(io.renren.form.DgjjSearchTechForm)
2018-09-18 19:48:38,437 [INFO] [main] o.s.w.s.mvc.method.annotation.RequestMappingHandlerMapping [AbstractHandlerMethodMapping.java : 547] Mapped "{[/api/logout],methods=[POST]}" onto public io.renren.common.utils.R io.renren.controller.ApiLoginController.logout(java.lang.String)
2018-09-18 19:48:38,438 [INFO] [main] o.s.w.s.mvc.method.annotation.RequestMappingHandlerMapping [AbstractHandlerMethodMapping.java : 547] Mapped "{[/api/login],methods=[POST]}" onto public io.renren.common.utils.R io.renren.controller.ApiLoginController.login(io.renren.form.LoginForm)
2018-09-18 19:48:38,439 [INFO] [main] o.s.w.s.mvc.method.annotation.RequestMappingHandlerMapping [AbstractHandlerMethodMapping.java : 547] Mapped "{[/api/menu/add],methods=[POST]}" onto public io.renren.common.utils.R io.renren.controller.ApiMenuController.add(io.renren.form.MenuForm)
2018-09-18 19:48:38,440 [INFO] [main] o.s.w.s.mvc.method.annotation.RequestMappingHandlerMapping [AbstractHandlerMethodMapping.java : 547] Mapped "{[/api/register],methods=[POST]}" onto public io.renren.common.utils.R io.renren.controller.ApiRegisterController.register(io.renren.form.RegisterForm)
2018-09-18 19:48:38,442 [INFO] [main] o.s.w.s.mvc.method.annotation.RequestMappingHandlerMapping [AbstractHandlerMethodMapping.java : 547] Mapped "{[/api/role/add],methods=[POST]}" onto public io.renren.common.utils.R io.renren.controller.ApiRoleController.add(io.renren.form.RoleForm)
2018-09-18 19:48:38,443 [INFO] [main] o.s.w.s.mvc.method.annotation.RequestMappingHandlerMapping [AbstractHandlerMethodMapping.java : 547] Mapped "{[/api/rolemenu/add],methods=[POST]}" onto public io.renren.common.utils.R io.renren.controller.ApiRoleMenuController.add(io.renren.form.RoleMenuForm)
2018-09-18 19:48:38,445 [INFO] [main] o.s.w.s.mvc.method.annotation.RequestMappingHandlerMapping [AbstractHandlerMethodMapping.java : 547] Mapped "{[/api/userId],methods=[GET]}" onto public io.renren.common.utils.R io.renren.controller.ApiTestController.userInfo(java.lang.Integer)
2018-09-18 19:48:38,446 [INFO] [main] o.s.w.s.mvc.method.annotation.RequestMappingHandlerMapping [AbstractHandlerMethodMapping.java : 547] Mapped "{[/api/userInfo],methods=[GET]}" onto public io.renren.common.utils.R io.renren.controller.ApiTestController.userInfo(io.renren.entity.UserEntity)
2018-09-18 19:48:38,447 [INFO] [main] o.s.w.s.mvc.method.annotation.RequestMappingHandlerMapping [AbstractHandlerMethodMapping.java : 547] Mapped "{[/api/notToken],methods=[GET]}" onto public io.renren.common.utils.R io.renren.controller.ApiTestController.notToken()
2018-09-18 19:48:38,448 [INFO] [main] o.s.w.s.mvc.method.annotation.RequestMappingHandlerMapping [AbstractHandlerMethodMapping.java : 547] Mapped "{[/api/update/username],methods=[POST]}" onto public io.renren.common.utils.R io.renren.controller.ApiUserController.uusername(io.renren.form.UserForm)
2018-09-18 19:48:38,448 [INFO] [main] o.s.w.s.mvc.method.annotation.RequestMappingHandlerMapping [AbstractHandlerMethodMapping.java : 547] Mapped "{[/api/update/password],methods=[POST]}" onto public io.renren.common.utils.R io.renren.controller.ApiUserController.upassword(io.renren.form.UserForm)
2018-09-18 19:48:38,450 [INFO] [main] o.s.w.s.mvc.method.annotation.RequestMappingHandlerMapping [AbstractHandlerMethodMapping.java : 547] Mapped "{[/api/my/baseinfo],methods=[POST]}" onto public io.renren.common.utils.R io.renren.controller.ApiUserRoleController.baseinfo(io.renren.form.RegisterForm)
2018-09-18 19:48:38,451 [INFO] [main] o.s.w.s.mvc.method.annotation.RequestMappingHandlerMapping [AbstractHandlerMethodMapping.java : 547] Mapped "{[/api/my/baseinfo/updateUserName],methods=[POST]}" onto public io.renren.common.utils.R io.renren.controller.ApiUserRoleController.updateUserName(io.renren.form.UserForm)
2018-09-18 19:48:38,457 [INFO] [main] o.s.w.s.mvc.method.annotation.RequestMappingHandlerMapping [AbstractHandlerMethodMapping.java : 547] Mapped "{[/swagger-resources/configuration/ui]}" onto public org.springframework.http.ResponseEntity<springfox.documentation.swagger.web.UiConfiguration> springfox.documentation.swagger.web.ApiResourceController.uiConfiguration()
2018-09-18 19:48:38,458 [INFO] [main] o.s.w.s.mvc.method.annotation.RequestMappingHandlerMapping [AbstractHandlerMethodMapping.java : 547] Mapped "{[/swagger-resources/configuration/security]}" onto public org.springframework.http.ResponseEntity<springfox.documentation.swagger.web.SecurityConfiguration> springfox.documentation.swagger.web.ApiResourceController.securityConfiguration()
2018-09-18 19:48:38,460 [INFO] [main] o.s.w.s.mvc.method.annotation.RequestMappingHandlerMapping [AbstractHandlerMethodMapping.java : 547] Mapped "{[/swagger-resources]}" onto public org.springframework.http.ResponseEntity<java.util.List<springfox.documentation.swagger.web.SwaggerResource>> springfox.documentation.swagger.web.ApiResourceController.swaggerResources()
2018-09-18 19:48:38,479 [INFO] [main] o.s.w.s.mvc.method.annotation.RequestMappingHandlerMapping [AbstractHandlerMethodMapping.java : 547] Mapped "{[/error]}" onto public org.springframework.http.ResponseEntity<java.util.Map<java.lang.String, java.lang.Object>> org.springframework.boot.autoconfigure.web.servlet.error.BasicErrorController.error(javax.servlet.http.HttpServletRequest)
2018-09-18 19:48:38,480 [INFO] [main] o.s.w.s.mvc.method.annotation.RequestMappingHandlerMapping [AbstractHandlerMethodMapping.java : 547] Mapped "{[/error],produces=[text/html]}" onto public org.springframework.web.servlet.ModelAndView org.springframework.boot.autoconfigure.web.servlet.error.BasicErrorController.errorHtml(javax.servlet.http.HttpServletRequest,javax.servlet.http.HttpServletResponse)
2018-09-18 19:48:38,755 [INFO] [main] s.d.spring.web.PropertySourcedRequestMappingHandlerMapping [PropertySourcedRequestMappingHandlerMapping.java : 69] Mapped URL path [/v2/api-docs] onto method [public org.springframework.http.ResponseEntity<springfox.documentation.spring.web.json.Json> springfox.documentation.swagger2.web.Swagger2Controller.getDocumentation(java.lang.String,javax.servlet.http.HttpServletRequest)]
2018-09-18 19:48:39,053 [INFO] [main] o.s.web.servlet.handler.SimpleUrlHandlerMapping [AbstractUrlHandlerMapping.java : 373] Mapped URL path [/**/favicon.ico] onto handler of type [class org.springframework.web.servlet.resource.ResourceHttpRequestHandler]
2018-09-18 19:48:39,630 [INFO] [main] o.s.w.s.mvc.method.annotation.RequestMappingHandlerAdapter [RequestMappingHandlerAdapter.java : 574] Looking for @ControllerAdvice: org.springframework.boot.web.servlet.context.AnnotationConfigServletWebServerApplicationContext@6955cb39: startup date [Tue Sep 18 19:48:26 CST 2018]; root of context hierarchy
2018-09-18 19:48:39,748 [INFO] [main] o.s.web.servlet.handler.SimpleUrlHandlerMapping [AbstractUrlHandlerMapping.java : 373] Mapped URL path [/webjars/**] onto handler of type [class org.springframework.web.servlet.resource.ResourceHttpRequestHandler]
2018-09-18 19:48:39,749 [INFO] [main] o.s.web.servlet.handler.SimpleUrlHandlerMapping [AbstractUrlHandlerMapping.java : 373] Mapped URL path [/**] onto handler of type [class org.springframework.web.servlet.resource.ResourceHttpRequestHandler]
2018-09-18 19:48:39,787 [INFO] [main] o.s.w.s.m.m.annotation.ExceptionHandlerExceptionResolver [ExceptionHandlerExceptionResolver.java : 288] Detected @ExceptionHandler methods in RRExceptionHandler
2018-09-18 19:48:40,373 [INFO] [main] org.springframework.ui.freemarker.SpringTemplateLoader [SpringTemplateLoader.java : 62] SpringTemplateLoader for FreeMarker: using resource loader [org.springframework.boot.web.servlet.context.AnnotationConfigServletWebServerApplicationContext@6955cb39: startup date [Tue Sep 18 19:48:26 CST 2018]; root of context hierarchy] and template loader path [classpath:/templates/]
2018-09-18 19:48:40,375 [INFO] [main] o.s.web.servlet.view.freemarker.FreeMarkerConfigurer [FreeMarkerConfigurer.java : 131] ClassTemplateLoader for Spring macros added to FreeMarker configuration
2018-09-18 19:48:40,701 [INFO] [main] o.s.jmx.export.annotation.AnnotationMBeanExporter [MBeanExporter.java : 433] Registering beans for JMX exposure on startup
2018-09-18 19:48:40,705 [INFO] [main] o.s.jmx.export.annotation.AnnotationMBeanExporter [MBeanExporter.java : 895] Bean with name 'statFilter' has been autodetected for JMX exposure
2018-09-18 19:48:40,705 [INFO] [main] o.s.jmx.export.annotation.AnnotationMBeanExporter [MBeanExporter.java : 895] Bean with name 'dataSource' has been autodetected for JMX exposure
2018-09-18 19:48:40,715 [INFO] [main] o.s.jmx.export.annotation.AnnotationMBeanExporter [MBeanExporter.java : 668] Located MBean 'dataSource': registering with JMX server as MBean [com.alibaba.druid.spring.boot.autoconfigure:name=dataSource,type=DruidDataSourceWrapper]
2018-09-18 19:48:40,717 [INFO] [main] o.s.jmx.export.annotation.AnnotationMBeanExporter [MBeanExporter.java : 668] Located MBean 'statFilter': registering with JMX server as MBean [com.alibaba.druid.filter.stat:name=statFilter,type=StatFilter]
2018-09-18 19:48:40,727 [INFO] [main] o.springframework.context.support.DefaultLifecycleProcessor [DefaultLifecycleProcessor.java : 351] Starting beans in phase 2147483647
2018-09-18 19:48:40,729 [INFO] [main] s.d.spring.web.plugins.DocumentationPluginsBootstrapper [DocumentationPluginsBootstrapper.java : 147] Context refreshed
2018-09-18 19:48:40,768 [INFO] [main] s.d.spring.web.plugins.DocumentationPluginsBootstrapper [DocumentationPluginsBootstrapper.java : 150] Found 1 custom documentation plugin(s)
2018-09-18 19:48:40,861 [INFO] [main] s.d.spring.web.scanners.ApiListingReferenceScanner [ApiListingReferenceScanner.java : 41] Scanning for api listing references
2018-09-18 19:48:41,197 [INFO] [main] s.d.s.web.readers.operation.CachingOperationNameGenerator [CachingOperationNameGenerator.java : 40] Generating unique operation named: mycooktechUsingPOST_1
2018-09-18 19:48:41,215 [INFO] [main] s.d.s.web.readers.operation.CachingOperationNameGenerator [CachingOperationNameGenerator.java : 40] Generating unique operation named: mycooktechdetailUsingPOST_1
2018-09-18 19:48:41,282 [INFO] [main] s.d.s.web.readers.operation.CachingOperationNameGenerator [CachingOperationNameGenerator.java : 40] Generating unique operation named: mycooktechdetailUsingPOST_2
2018-09-18 19:48:41,479 [INFO] [main] s.d.s.web.readers.operation.CachingOperationNameGenerator [CachingOperationNameGenerator.java : 40] Generating unique operation named: addUsingPOST_1
2018-09-18 19:48:41,495 [INFO] [main] s.d.s.web.readers.operation.CachingOperationNameGenerator [CachingOperationNameGenerator.java : 40] Generating unique operation named: addUsingPOST_2
2018-09-18 19:48:41,555 [INFO] [main] s.d.s.web.readers.operation.CachingOperationNameGenerator [CachingOperationNameGenerator.java : 40] Generating unique operation named: userInfoUsingGET_1
2018-09-18 19:48:41,788 [INFO] [main] org.springframework.boot.web.embedded.tomcat.TomcatWebServer [TomcatWebServer.java : 206] Tomcat started on port(s): 8081 (http) with context path '/dgjj-api'
2018-09-18 19:48:41,798 [INFO] [main] io.renren.ApiApplication [StartupInfoLogger.java : 59] Started ApiApplication in 17.249 seconds (JVM running for 18.375)
2018-09-18 19:48:48,703 [INFO] [http-nio-8081-exec-1] o.a.c.core.ContainerBase.[Tomcat].[localhost].[/dgjj-api] [DirectJDKLog.java : 180] Initializing Spring FrameworkServlet 'dispatcherServlet'
2018-09-18 19:48:48,704 [INFO] [http-nio-8081-exec-1] org.springframework.web.servlet.DispatcherServlet [FrameworkServlet.java : 494] FrameworkServlet 'dispatcherServlet': initialization started
2018-09-18 19:48:48,732 [INFO] [http-nio-8081-exec-1] org.springframework.web.servlet.DispatcherServlet [FrameworkServlet.java : 509] FrameworkServlet 'dispatcherServlet': initialization completed in 28 ms
2018-09-18 19:48:56,100 [DEBUG] [http-nio-8081-exec-7] io.renren.dao.DgjjMarketDao.findList [BaseJdbcLogger.java : 159] ==>  Preparing: select DISTINCT IFNULL(tt.user_id,'') as "userId", IFNULL(t.id,'') as "id", IFNULL(t.id,'') as "marketId", IFNULL(t.techName,'') as "techName", IFNULL(t.driveNumber,'0') as "driveNumber", IFNULL(t.driveCash,'0') as "driveCash", IFNULL(t.transferProgress,'') as "transferProgress", IFNULL(t.transferProgressText,'') as "transferProgressText", IFNULL(t.techAppraise,'') as "techAppraise", IFNULL(t.attentionId,'') as "attentionId" from( select a.id as "id", a.id as "marketId", a.tech_name as "techName", a.tech_area as "techArea", count(DISTINCT b.user_id) as "driveNumber", sum(IFNULL(b.drive_cash,'0')) as "driveCash", c.code as "transferProgress", c.value as "transferProgressText", a.tech_appraise as "techAppraise", a.create_time as "createTime", d.id as "attentionId" from dgjj_market a left join dgjj_cook_tech b on a.id = b.market_id left join sys_dict c on a.transfer_progress = c.code and c.type='transfer_progress' left join dgjj_market_attention d on a.id = d.market_id WHERE a.tech_audit = '0' group by a.tech_name ) t left join dgjj_cook_tech tt on t.id = tt.market_id and tt.user_id = ? GROUP BY t.marketId order by driveNumber 
2018-09-18 19:48:56,178 [DEBUG] [http-nio-8081-exec-7] io.renren.dao.DgjjMarketDao.findList [BaseJdbcLogger.java : 159] ==> Parameters: 14(String)
2018-09-18 19:48:56,312 [DEBUG] [http-nio-8081-exec-7] io.renren.dao.DgjjMarketDao.findList [BaseJdbcLogger.java : 159] <==      Total: 39
